Determining if the pthread_create exist failed with the following output:
Change Dir: /home/pat/HG_internship/ASV/asv_ros/build/CMakeFiles/CMakeTmp

Run Build Command:"/usr/bin/make" "cmTC_7a7c0/fast"
/usr/bin/make -f CMakeFiles/cmTC_7a7c0.dir/build.make CMakeFiles/cmTC_7a7c0.dir/build
make[1]: Entering directory '/home/pat/HG_internship/ASV/asv_ros/build/CMakeFiles/CMakeTmp'
Building C object CMakeFiles/cmTC_7a7c0.dir/CheckSymbolExists.c.o
/usr/lib/ccache/cc    -o CMakeFiles/cmTC_7a7c0.dir/CheckSymbolExists.c.o   -c /home/pat/HG_internship/ASV/asv_ros/build/CMakeFiles/CMakeTmp/CheckSymbolExists.c
Linking C executable cmTC_7a7c0
/usr/bin/cmake -E cmake_link_script CMakeFiles/cmTC_7a7c0.dir/link.txt --verbose=1
/usr/lib/ccache/cc      -rdynamic CMakeFiles/cmTC_7a7c0.dir/CheckSymbolExists.c.o  -o cmTC_7a7c0 
CMakeFiles/cmTC_7a7c0.dir/CheckSymbolExists.c.o: In function `main':
CheckSymbolExists.c:(.text+0x1b): undefined reference to `pthread_create'
collect2: error: ld returned 1 exit status
CMakeFiles/cmTC_7a7c0.dir/build.make:97: recipe for target 'cmTC_7a7c0' failed
make[1]: *** [cmTC_7a7c0] Error 1
make[1]: Leaving directory '/home/pat/HG_internship/ASV/asv_ros/build/CMakeFiles/CMakeTmp'
Makefile:126: recipe for target 'cmTC_7a7c0/fast' failed
make: *** [cmTC_7a7c0/fast] Error 2

File /home/pat/HG_internship/ASV/asv_ros/build/CMakeFiles/CMakeTmp/CheckSymbolExists.c:
/* */
#include <pthread.h>

int main(int argc, char** argv)
{
  (void)argv;
#ifndef pthread_create
  return ((int*)(&pthread_create))[argc];
#else
  (void)argc;
  return 0;
#endif
}

Determining if the function pthread_create exists in the pthreads failed with the following output:
Change Dir: /home/pat/HG_internship/ASV/asv_ros/build/CMakeFiles/CMakeTmp

Run Build Command:"/usr/bin/make" "cmTC_715a4/fast"
/usr/bin/make -f CMakeFiles/cmTC_715a4.dir/build.make CMakeFiles/cmTC_715a4.dir/build
make[1]: Entering directory '/home/pat/HG_internship/ASV/asv_ros/build/CMakeFiles/CMakeTmp'
Building C object CMakeFiles/cmTC_715a4.dir/CheckFunctionExists.c.o
/usr/lib/ccache/cc   -DCHECK_FUNCTION_EXISTS=pthread_create   -o CMakeFiles/cmTC_715a4.dir/CheckFunctionExists.c.o   -c /usr/share/cmake-3.10/Modules/CheckFunctionExists.c
Linking C executable cmTC_715a4
/usr/bin/cmake -E cmake_link_script CMakeFiles/cmTC_715a4.dir/link.txt --verbose=1
/usr/lib/ccache/cc  -DCHECK_FUNCTION_EXISTS=pthread_create    -rdynamic CMakeFiles/cmTC_715a4.dir/CheckFunctionExists.c.o  -o cmTC_715a4 -lpthreads 
/usr/bin/ld: cannot find -lpthreads
collect2: error: ld returned 1 exit status
CMakeFiles/cmTC_715a4.dir/build.make:97: recipe for target 'cmTC_715a4' failed
make[1]: *** [cmTC_715a4] Error 1
make[1]: Leaving directory '/home/pat/HG_internship/ASV/asv_ros/build/CMakeFiles/CMakeTmp'
Makefile:126: recipe for target 'cmTC_715a4/fast' failed
make: *** [cmTC_715a4/fast] Error 2


